app/build/intermediates/manifest_merge_blame_file/debug/manifest-merger-blame-debug-report.txt
1<?xml version="1.0" encoding="utf-8"?>
2<manifest xmlns:android="http://schemas.android.com/apk/res/android"
3    package="com.mundobinario.miaforobus"
4    android:installLocation="preferExternal"
5    android:versionCode="1"
6    android:versionName="1.0" >
7
8    <uses-sdk
9        android:minSdkVersion="19"
10        android:targetSdkVersion="31" />
11
12    <application
12-->src/main/AndroidManifest.xml:5:5-27:19
13        android:allowBackup="true"
13-->src/main/AndroidManifest.xml:6:9-35
14        android:appComponentFactory="androidx.core.app.CoreComponentFactory"
14-->[androidx.core:core:1.3.1] AndroidManifest.xml:24:18-86
15        android:debuggable="true"
16        android:extractNativeLibs="true"
17        android:icon="@mipmap/ic_launcher"
17-->src/main/AndroidManifest.xml:7:9-43
18        android:label="@string/app_name"
18-->src/main/AndroidManifest.xml:8:9-41
19        android:roundIcon="@mipmap/ic_launcher_round"
19-->src/main/AndroidManifest.xml:9:9-54
20        android:supportsRtl="true"
20-->src/main/AndroidManifest.xml:10:9-35
21        android:testOnly="true"
22        android:theme="@style/Theme.MiAforoBus" >
22-->src/main/AndroidManifest.xml:11:9-48
23        <activity
23-->src/main/AndroidManifest.xml:12:9-20:20
24            android:name="com.mundobinario.miaforobus.MainActivity"
24-->src/main/AndroidManifest.xml:13:13-41
25            android:exported="true" >
25-->src/main/AndroidManifest.xml:14:13-36
26            <intent-filter>
26-->src/main/AndroidManifest.xml:15:13-19:29
27                <action android:name="android.intent.action.MAIN" />
27-->src/main/AndroidManifest.xml:16:17-69
27-->src/main/AndroidManifest.xml:16:25-66
28
29                <category android:name="android.intent.category.LAUNCHER" />
29-->src/main/AndroidManifest.xml:18:17-77
29-->src/main/AndroidManifest.xml:18:27-74
30            </intent-filter>
31        </activity>
32        <activity android:name="com.mundobinario.miaforobus.SubenManualActivity" />
32-->src/main/AndroidManifest.xml:21:9-22:50
32-->src/main/AndroidManifest.xml:22:13-48
33        <activity android:name="com.mundobinario.miaforobus.BajanActivity" />
33-->src/main/AndroidManifest.xml:23:9-24:44
33-->src/main/AndroidManifest.xml:24:13-42
34        <activity android:name="com.mundobinario.miaforobus.CalculoReduccionAforo" />
34-->src/main/AndroidManifest.xml:25:9-26:52
34-->src/main/AndroidManifest.xml:26:13-50
35    </application>
36
37</manifest>